[36m[2025-04-25 21:12:45 DEBUG] [__init__:101][39m ###############################################################################
[36m[2025-04-25 21:12:45 DEBUG] [__init__:102][39m Running command 'run'
[36m[2025-04-25 21:12:45 DEBUG] [__init__:106][39m Using settings file '/home/lfmpaes/.chaostoolkit/settings.yaml'
[36m[2025-04-25 21:12:45 DEBUG] [settings:31][39m The Chaos Toolkit settings file could not be found at '/home/lfmpaes/.chaostoolkit/settings.yaml'.
[36m[2025-04-25 21:12:45 DEBUG] [__init__:472][39m No controls to apply on 'loader'
[36m[2025-04-25 21:12:45 DEBUG] [__init__:472][39m No controls to apply on 'loader'
[36m[2025-04-25 21:12:45 DEBUG] [caching:24][39m Building activity cache...
[36m[2025-04-25 21:12:45 DEBUG] [caching:35][39m Cached 4 activities
[32m[2025-04-25 21:12:45 INFO] [experiment:59][39m Validating the experiment's syntax
[36m[2025-04-25 21:12:45 DEBUG] [configuration:64][39m Loading configuration...
[36m[2025-04-25 21:12:46 DEBUG] [secret:79][39m Loading secrets...
[36m[2025-04-25 21:12:46 DEBUG] [secret:104][39m Done loading secrets
[32m[2025-04-25 21:12:46 INFO] [experiment:112][39m Experiment looks valid
[36m[2025-04-25 21:12:46 DEBUG] [caching:42][39m Clearing activities cache
[36m[2025-04-25 21:12:46 DEBUG] [run:224][39m Runtime strategies: hypothesis - default / rollbacks - default
[36m[2025-04-25 21:12:46 DEBUG] [caching:24][39m Building activity cache...
[36m[2025-04-25 21:12:46 DEBUG] [caching:35][39m Cached 4 activities
[36m[2025-04-25 21:12:46 DEBUG] [configuration:64][39m Loading configuration...
[36m[2025-04-25 21:12:46 DEBUG] [secret:79][39m Loading secrets...
[36m[2025-04-25 21:12:46 DEBUG] [secret:104][39m Done loading secrets
[36m[2025-04-25 21:12:46 DEBUG] [configuration:161][39m Loading dynamic configuration...
[32m[2025-04-25 21:12:46 INFO] [run:440][39m Running experiment: Teste simples de falha no Redis
[36m[2025-04-25 21:12:46 DEBUG] [__init__:67][39m Initializing controls
[32m[2025-04-25 21:12:46 INFO] [run:471][39m Steady-state strategy: default
[32m[2025-04-25 21:12:46 INFO] [run:477][39m Rollbacks strategy: default
[36m[2025-04-25 21:12:46 DEBUG] [__init__:472][39m No controls to apply on 'experiment'
[36m[2025-04-25 21:12:46 DEBUG] [run:654][39m Running steady-state hypothesis before the method
[32m[2025-04-25 21:12:46 INFO] [hypothesis:205][39m Steady state hypothesis: Aplicação está saudável
[36m[2025-04-25 21:12:46 DEBUG] [__init__:472][39m No controls to apply on 'hypothesis'
[36m[2025-04-25 21:12:46 DEBUG] [__init__:472][39m No controls to apply on 'activity'
[32m[2025-04-25 21:12:46 INFO] [activity:232][39m Probe: verifica_servico_aplicacao
[36m[2025-04-25 21:12:46 DEBUG] [activity:260][39m   => succeeded with '{'status': 200, 'headers': {'X-Powered-By': 'Express', 'Content-Type': 'application/json; charset=utf-8', 'Content-Length': '30', 'ETag': 'W/"1e-UF0jTsFD9vB+n1yXcauIzFvQUGs"', 'Date': 'Sat, 26 Apr 2025 00:12:47 GMT', 'Connection': 'keep-alive', 'Keep-Alive': 'timeout=5'}, 'body': '{"status":"ok","redis":"pong"}'}'
[36m[2025-04-25 21:12:46 DEBUG] [__init__:472][39m No controls to apply on 'activity'
[36m[2025-04-25 21:12:46 DEBUG] [hypothesis:247][39m allowed tolerance is 200
[32m[2025-04-25 21:12:46 INFO] [hypothesis:260][39m Steady state hypothesis is met!
[36m[2025-04-25 21:12:46 DEBUG] [__init__:472][39m No controls to apply on 'hypothesis'
[32m[2025-04-25 21:12:46 INFO] [run:778][39m Playing your experiment's method now...
[36m[2025-04-25 21:12:46 DEBUG] [__init__:472][39m No controls to apply on 'method'
[36m[2025-04-25 21:12:46 DEBUG] [__init__:472][39m No controls to apply on 'activity'
[32m[2025-04-25 21:12:46 INFO] [activity:232][39m Action: parar_container_redis
[36m[2025-04-25 21:12:46 DEBUG] [process:52][39m Running: /usr/bin/docker stop redis
[36m[2025-04-25 21:12:46 DEBUG] [activity:260][39m   => succeeded with '{'status': 0, 'stdout': 'redis\n', 'stderr': ''}'
[36m[2025-04-25 21:12:46 DEBUG] [__init__:472][39m No controls to apply on 'activity'
[36m[2025-04-25 21:12:46 DEBUG] [__init__:472][39m No controls to apply on 'activity'
[32m[2025-04-25 21:12:46 INFO] [activity:232][39m Probe: verifica_servico_aplicacao_apos_falha
[36m[2025-04-25 21:12:46 DEBUG] [activity:260][39m   => succeeded with '{'status': 500, 'headers': {'X-Powered-By': 'Express', 'Content-Type': 'application/json; charset=utf-8', 'Content-Length': '56', 'ETag': 'W/"38-pUelIrK2PdTtUtQueBGZTCWgTgI"', 'Date': 'Sat, 26 Apr 2025 00:12:48 GMT', 'Connection': 'keep-alive', 'Keep-Alive': 'timeout=5'}, 'body': '{"status":"erro","message":"Socket closed unexpectedly"}'}'
[36m[2025-04-25 21:12:46 DEBUG] [__init__:472][39m No controls to apply on 'activity'
[36m[2025-04-25 21:12:46 DEBUG] [__init__:472][39m No controls to apply on 'activity'
[32m[2025-04-25 21:12:46 INFO] [activity:232][39m Action: iniciar_container_redis
[36m[2025-04-25 21:12:46 DEBUG] [process:52][39m Running: /usr/bin/docker start redis
[36m[2025-04-25 21:12:47 DEBUG] [activity:260][39m   => succeeded with '{'status': 0, 'stdout': 'redis\n', 'stderr': ''}'
[36m[2025-04-25 21:12:47 DEBUG] [__init__:472][39m No controls to apply on 'activity'
[36m[2025-04-25 21:12:47 DEBUG] [__init__:472][39m No controls to apply on 'method'
[36m[2025-04-25 21:12:47 DEBUG] [run:696][39m Running steady-state hypothesis after the method
[32m[2025-04-25 21:12:47 INFO] [hypothesis:205][39m Steady state hypothesis: Aplicação está saudável
[36m[2025-04-25 21:12:47 DEBUG] [__init__:472][39m No controls to apply on 'hypothesis'
[36m[2025-04-25 21:12:47 DEBUG] [__init__:472][39m No controls to apply on 'activity'
[32m[2025-04-25 21:12:47 INFO] [activity:232][39m Probe: verifica_servico_aplicacao
[36m[2025-04-25 21:12:47 DEBUG] [activity:260][39m   => succeeded with '{'status': 200, 'headers': {'X-Powered-By': 'Express', 'Content-Type': 'application/json; charset=utf-8', 'Content-Length': '30', 'ETag': 'W/"1e-UF0jTsFD9vB+n1yXcauIzFvQUGs"', 'Date': 'Sat, 26 Apr 2025 00:12:48 GMT', 'Connection': 'keep-alive', 'Keep-Alive': 'timeout=5'}, 'body': '{"status":"ok","redis":"pong"}'}'
[36m[2025-04-25 21:12:47 DEBUG] [__init__:472][39m No controls to apply on 'activity'
[36m[2025-04-25 21:12:47 DEBUG] [hypothesis:247][39m allowed tolerance is 200
[32m[2025-04-25 21:12:47 INFO] [hypothesis:260][39m Steady state hypothesis is met!
[36m[2025-04-25 21:12:47 DEBUG] [__init__:472][39m No controls to apply on 'hypothesis'
[32m[2025-04-25 21:12:47 INFO] [run:1072][39m Let's rollback...
[36m[2025-04-25 21:12:47 DEBUG] [__init__:472][39m No controls to apply on 'rollback'
[32m[2025-04-25 21:12:47 INFO] [rollback:33][39m No declared rollbacks, let's move on.
[36m[2025-04-25 21:12:47 DEBUG] [__init__:472][39m No controls to apply on 'rollback'
[32m[2025-04-25 21:12:47 INFO] [run:598][39m Experiment ended with status: completed
[36m[2025-04-25 21:12:47 DEBUG] [__init__:472][39m No controls to apply on 'experiment'
[36m[2025-04-25 21:12:47 DEBUG] [__init__:106][39m Cleaning up controls
[36m[2025-04-25 21:12:47 DEBUG] [caching:42][39m Clearing activities cache
